<?xml version="1.0" encoding="UTF-8"?>
<testng-results ignored="0" total="1" passed="1" failed="0" skipped="0">
  <reporter-output>
  </reporter-output>
  <suite started-at="2024-01-09T17:01:47 IST" name="Default suite" finished-at="2024-01-09T17:01:48 IST" duration-ms="1429">
    <groups>
    </groups>
    <test started-at="2024-01-09T17:01:47 IST" name="Default test" finished-at="2024-01-09T17:01:48 IST" duration-ms="1429">
      <class name="com.test.Significant_Section.Export_Status">
        <test-method signature="testDB()[pri:0, instance:com.test.Significant_Section.Export_Status@69997e9d]" started-at="2024-01-09T17:01:47 IST" name="testDB" finished-at="2024-01-09T17:01:48 IST" duration-ms="1406" status="PASS">
          <reporter-output>
          </reporter-output>
        </test-method> <!-- testDB -->
      </class> <!-- com.test.Significant_Section.Export_Status -->
    </test> <!-- Default test -->
  </suite> <!-- Default suite -->
</testng-results>
