<?xml version="1.0" encoding="UTF-8"?>
<testng-results ignored="0" total="1" passed="1" failed="0" skipped="0">
  <reporter-output>
  </reporter-output>
  <suite started-at="2024-01-09T17:21:17 IST" name="Default suite" finished-at="2024-01-09T17:21:19 IST" duration-ms="2101">
    <groups>
    </groups>
    <test started-at="2024-01-09T17:21:17 IST" name="Default test" finished-at="2024-01-09T17:21:19 IST" duration-ms="2101">
      <class name="com.test.Significant_Section.apollo2">
        <test-method signature="testDB()[pri:0, instance:com.test.Significant_Section.apollo2@69997e9d]" started-at="2024-01-09T17:21:17 IST" name="testDB" finished-at="2024-01-09T17:21:19 IST" duration-ms="2076" status="PASS">
          <reporter-output>
          </reporter-output>
        </test-method> <!-- testDB -->
      </class> <!-- com.test.Significant_Section.apollo2 -->
    </test> <!-- Default test -->
  </suite> <!-- Default suite -->
</testng-results>
